<?xml version="1.0" encoding="UTF-8"?>
<coverage generated="1738612991031" clover="3.2.0">
  <project timestamp="1738612991031" name="All files">
    <metrics statements="208" coveredstatements="116" conditionals="28" coveredconditionals="4" methods="48" coveredmethods="25" elements="284" coveredelements="145" complexity="0" loc="208" ncloc="208" packages="5" files="8" classes="8"/>
    <package name="src">
      <metrics statements="12" coveredstatements="12" conditionals="0" coveredconditionals="0" methods="0" coveredmethods="0"/>
      <file name="app.ts" path="C:\Users\amnin\OneDrive\Desktop\another faltu\-Employee-Directory-and-Branch-Management-API\src\app.ts">
        <metrics statements="12" coveredstatements="12" conditionals="0" coveredconditionals="0" methods="0" coveredmethods="0"/>
        <line num="1" count="3" type="stmt"/>
        <line num="2" count="3" type="stmt"/>
        <line num="3" count="3" type="stmt"/>
        <line num="4" count="3" type="stmt"/>
        <line num="5" count="3" type="stmt"/>
        <line num="7" count="3" type="stmt"/>
        <line num="9" count="3" type="stmt"/>
        <line num="10" count="3" type="stmt"/>
        <line num="12" count="3" type="stmt"/>
        <line num="14" count="3" type="stmt"/>
        <line num="15" count="3" type="stmt"/>
        <line num="17" count="3" type="stmt"/>
      </file>
    </package>
    <package name="src.api.v1.controllers">
      <metrics statements="118" coveredstatements="47" conditionals="20" coveredconditionals="4" methods="26" coveredmethods="14"/>
      <file name="branchController.ts" path="C:\Users\amnin\OneDrive\Desktop\another faltu\-Employee-Directory-and-Branch-Management-API\src\api\v1\controllers\branchController.ts">
        <metrics statements="46" coveredstatements="31" conditionals="8" coveredconditionals="4" methods="11" coveredmethods="10"/>
        <line num="2" count="3" type="stmt"/>
        <line num="5" count="3" type="stmt"/>
        <line num="6" count="0" type="cond" truecount="0" falsecount="2"/>
        <line num="7" count="0" type="stmt"/>
        <line num="9" count="0" type="stmt"/>
        <line num="13" count="3" type="stmt"/>
        <line num="14" count="1" type="stmt"/>
        <line num="15" count="1" type="stmt"/>
        <line num="16" count="1" type="stmt"/>
        <line num="17" count="1" type="stmt"/>
        <line num="19" count="0" type="stmt"/>
        <line num="20" count="0" type="stmt"/>
        <line num="24" count="3" type="stmt"/>
        <line num="25" count="1" type="stmt"/>
        <line num="26" count="1" type="stmt"/>
        <line num="27" count="1" type="stmt"/>
        <line num="29" count="0" type="stmt"/>
        <line num="30" count="0" type="stmt"/>
        <line num="34" count="3" type="stmt"/>
        <line num="35" count="2" type="stmt"/>
        <line num="36" count="2" type="stmt"/>
        <line num="37" count="2" type="stmt"/>
        <line num="38" count="2" type="cond" truecount="2" falsecount="0"/>
        <line num="39" count="1" type="stmt"/>
        <line num="41" count="1" type="stmt"/>
        <line num="44" count="0" type="stmt"/>
        <line num="45" count="0" type="stmt"/>
        <line num="49" count="3" type="stmt"/>
        <line num="50" count="1" type="stmt"/>
        <line num="51" count="1" type="stmt"/>
        <line num="52" count="1" type="stmt"/>
        <line num="53" count="1" type="stmt"/>
        <line num="54" count="1" type="cond" truecount="1" falsecount="1"/>
        <line num="55" count="1" type="stmt"/>
        <line num="57" count="0" type="stmt"/>
        <line num="60" count="0" type="stmt"/>
        <line num="61" count="0" type="stmt"/>
        <line num="65" count="3" type="stmt"/>
        <line num="66" count="1" type="stmt"/>
        <line num="67" count="1" type="stmt"/>
        <line num="68" count="1" type="stmt"/>
        <line num="69" count="1" type="cond" truecount="1" falsecount="1"/>
        <line num="70" count="1" type="stmt"/>
        <line num="72" count="0" type="stmt"/>
        <line num="75" count="0" type="stmt"/>
        <line num="76" count="0" type="stmt"/>
      </file>
      <file name="employeeController.ts" path="C:\Users\amnin\OneDrive\Desktop\another faltu\-Employee-Directory-and-Branch-Management-API\src\api\v1\controllers\employeeController.ts">
        <metrics statements="72" coveredstatements="16" conditionals="12" coveredconditionals="0" methods="15" coveredmethods="4"/>
        <line num="2" count="3" type="stmt"/>
        <line num="6" count="3" type="stmt"/>
        <line num="7" count="0" type="cond" truecount="0" falsecount="2"/>
        <line num="8" count="0" type="stmt"/>
        <line num="10" count="0" type="stmt"/>
        <line num="14" count="3" type="stmt"/>
        <line num="15" count="1" type="stmt"/>
        <line num="16" count="1" type="stmt"/>
        <line num="17" count="1" type="stmt"/>
        <line num="18" count="1" type="stmt"/>
        <line num="20" count="0" type="stmt"/>
        <line num="21" count="0" type="stmt"/>
        <line num="25" count="3" type="stmt"/>
        <line num="26" count="1" type="stmt"/>
        <line num="27" count="1" type="stmt"/>
        <line num="28" count="1" type="stmt"/>
        <line num="30" count="0" type="stmt"/>
        <line num="31" count="0" type="stmt"/>
        <line num="35" count="3" type="stmt"/>
        <line num="36" count="0" type="stmt"/>
        <line num="37" count="0" type="stmt"/>
        <line num="38" count="0" type="cond" truecount="0" falsecount="1"/>
        <line num="39" count="0" type="stmt"/>
        <line num="40" count="0" type="stmt"/>
        <line num="42" count="0" type="stmt"/>
        <line num="43" count="0" type="cond" truecount="0" falsecount="2"/>
        <line num="44" count="0" type="stmt"/>
        <line num="46" count="0" type="stmt"/>
        <line num="49" count="0" type="stmt"/>
        <line num="50" count="0" type="stmt"/>
        <line num="54" count="3" type="stmt"/>
        <line num="55" count="0" type="stmt"/>
        <line num="56" count="0" type="stmt"/>
        <line num="57" count="0" type="cond" truecount="0" falsecount="1"/>
        <line num="58" count="0" type="stmt"/>
        <line num="59" count="0" type="stmt"/>
        <line num="61" count="0" type="stmt"/>
        <line num="62" count="0" type="stmt"/>
        <line num="63" count="0" type="cond" truecount="0" falsecount="2"/>
        <line num="64" count="0" type="stmt"/>
        <line num="66" count="0" type="stmt"/>
        <line num="69" count="0" type="stmt"/>
        <line num="70" count="0" type="stmt"/>
        <line num="74" count="3" type="stmt"/>
        <line num="75" count="0" type="stmt"/>
        <line num="76" count="0" type="stmt"/>
        <line num="77" count="0" type="cond" truecount="0" falsecount="1"/>
        <line num="78" count="0" type="stmt"/>
        <line num="79" count="0" type="stmt"/>
        <line num="81" count="0" type="stmt"/>
        <line num="82" count="0" type="cond" truecount="0" falsecount="2"/>
        <line num="83" count="0" type="stmt"/>
        <line num="85" count="0" type="stmt"/>
        <line num="88" count="0" type="stmt"/>
        <line num="89" count="0" type="stmt"/>
        <line num="93" count="3" type="stmt"/>
        <line num="94" count="0" type="stmt"/>
        <line num="95" count="0" type="stmt"/>
        <line num="96" count="0" type="cond" truecount="0" falsecount="1"/>
        <line num="97" count="0" type="stmt"/>
        <line num="98" count="0" type="stmt"/>
        <line num="100" count="0" type="stmt"/>
        <line num="101" count="0" type="stmt"/>
        <line num="103" count="0" type="stmt"/>
        <line num="104" count="0" type="stmt"/>
        <line num="108" count="3" type="stmt"/>
        <line num="109" count="0" type="stmt"/>
        <line num="110" count="0" type="stmt"/>
        <line num="111" count="0" type="stmt"/>
        <line num="112" count="0" type="stmt"/>
        <line num="114" count="0" type="stmt"/>
        <line num="115" count="0" type="stmt"/>
      </file>
    </package>
    <package name="src.api.v1.routes">
      <metrics statements="18" coveredstatements="18" conditionals="0" coveredconditionals="0" methods="0" coveredmethods="0"/>
      <file name="branchRoutes.ts" path="C:\Users\amnin\OneDrive\Desktop\another faltu\-Employee-Directory-and-Branch-Management-API\src\api\v1\routes\branchRoutes.ts">
        <metrics statements="9" coveredstatements="9" conditionals="0" coveredconditionals="0" methods="0" coveredmethods="0"/>
        <line num="1" count="3" type="stmt"/>
        <line num="2" count="3" type="stmt"/>
        <line num="4" count="3" type="stmt"/>
        <line num="36" count="3" type="stmt"/>
        <line num="48" count="3" type="stmt"/>
        <line num="68" count="3" type="stmt"/>
        <line num="92" count="3" type="stmt"/>
        <line num="110" count="3" type="stmt"/>
        <line num="112" count="3" type="stmt"/>
      </file>
      <file name="employeeRoutes.ts" path="C:\Users\amnin\OneDrive\Desktop\another faltu\-Employee-Directory-and-Branch-Management-API\src\api\v1\routes\employeeRoutes.ts">
        <metrics statements="9" coveredstatements="9" conditionals="0" coveredconditionals="0" methods="0" coveredmethods="0"/>
        <line num="1" count="3" type="stmt"/>
        <line num="2" count="3" type="stmt"/>
        <line num="10" count="3" type="stmt"/>
        <line num="22" count="3" type="stmt"/>
        <line num="31" count="3" type="stmt"/>
        <line num="40" count="3" type="stmt"/>
        <line num="49" count="3" type="stmt"/>
        <line num="58" count="3" type="stmt"/>
        <line num="60" count="3" type="stmt"/>
      </file>
    </package>
    <package name="src.api.v1.services">
      <metrics statements="52" coveredstatements="31" conditionals="8" coveredconditionals="0" methods="21" coveredmethods="10"/>
      <file name="branchService.ts" path="C:\Users\amnin\OneDrive\Desktop\another faltu\-Employee-Directory-and-Branch-Management-API\src\api\v1\services\branchService.ts">
        <metrics statements="19" coveredstatements="19" conditionals="2" coveredconditionals="0" methods="8" coveredmethods="8"/>
        <line num="3" count="3" type="stmt"/>
        <line num="4" count="3" type="stmt"/>
        <line num="6" count="3" type="stmt"/>
        <line num="8" count="3" type="stmt"/>
        <line num="9" count="2" type="stmt"/>
        <line num="11" count="3" type="stmt"/>
        <line num="12" count="1" type="stmt"/>
        <line num="13" count="1" type="stmt"/>
        <line num="14" count="1" type="stmt"/>
        <line num="17" count="3" type="stmt"/>
        <line num="18" count="1" type="stmt"/>
        <line num="19" count="1" type="cond" truecount="0" falsecount="1"/>
        <line num="21" count="1" type="stmt"/>
        <line num="22" count="1" type="stmt"/>
        <line num="25" count="3" type="stmt"/>
        <line num="26" count="1" type="stmt"/>
        <line num="27" count="1" type="cond" truecount="0" falsecount="1"/>
        <line num="29" count="1" type="stmt"/>
        <line num="30" count="1" type="stmt"/>
      </file>
      <file name="employeeService.ts" path="C:\Users\amnin\OneDrive\Desktop\another faltu\-Employee-Directory-and-Branch-Management-API\src\api\v1\services\employeeService.ts">
        <metrics statements="33" coveredstatements="12" conditionals="6" coveredconditionals="0" methods="13" coveredmethods="2"/>
        <line num="3" count="3" type="stmt"/>
        <line num="16" count="3" type="stmt"/>
        <line num="17" count="1" type="stmt"/>
        <line num="20" count="3" type="stmt"/>
        <line num="21" count="0" type="stmt"/>
        <line num="24" count="3" type="stmt"/>
        <line num="25" count="0" type="stmt"/>
        <line num="26" count="0" type="cond" truecount="0" falsecount="2"/>
        <line num="28" count="0" type="cond" truecount="0" falsecount="1"/>
        <line num="29" count="0" type="stmt"/>
        <line num="32" count="0" type="stmt"/>
        <line num="37" count="0" type="stmt"/>
        <line num="38" count="0" type="stmt"/>
        <line num="41" count="3" type="stmt"/>
        <line num="42" count="0" type="stmt"/>
        <line num="43" count="0" type="cond" truecount="0" falsecount="1"/>
        <line num="45" count="0" type="cond" truecount="0" falsecount="1"/>
        <line num="46" count="0" type="stmt"/>
        <line num="49" count="0" type="stmt"/>
        <line num="50" count="0" type="stmt"/>
        <line num="53" count="3" type="stmt"/>
        <line num="54" count="0" type="stmt"/>
        <line num="55" count="0" type="cond" truecount="0" falsecount="1"/>
        <line num="56" count="0" type="stmt"/>
        <line num="58" count="0" type="stmt"/>
        <line num="59" count="0" type="stmt"/>
        <line num="62" count="3" type="stmt"/>
        <line num="63" count="1" type="stmt"/>
        <line num="64" count="1" type="stmt"/>
        <line num="67" count="3" type="stmt"/>
        <line num="68" count="0" type="stmt"/>
        <line num="71" count="3" type="stmt"/>
        <line num="72" count="0" type="stmt"/>
      </file>
    </package>
    <package name="src.config">
      <metrics statements="8" coveredstatements="8" conditionals="0" coveredconditionals="0" methods="1" coveredmethods="1"/>
      <file name="swagger.ts" path="C:\Users\amnin\OneDrive\Desktop\another faltu\-Employee-Directory-and-Branch-Management-API\src\config\swagger.ts">
        <metrics statements="8" coveredstatements="8" conditionals="0" coveredconditionals="0" methods="1" coveredmethods="1"/>
        <line num="1" count="3" type="stmt"/>
        <line num="2" count="3" type="stmt"/>
        <line num="5" count="3" type="stmt"/>
        <line num="18" count="3" type="stmt"/>
        <line num="20" count="3" type="stmt"/>
        <line num="21" count="3" type="stmt"/>
        <line num="22" count="3" type="stmt"/>
        <line num="25" count="3" type="stmt"/>
      </file>
    </package>
  </project>
</coverage>
