{"C:\\Users\\amnin\\OneDrive\\Desktop\\another faltu\\-Employee-Directory-and-Branch-Management-API\\src\\app.ts": {"path":"C:\\Users\\amnin\\OneDrive\\Desktop\\another faltu\\-Employee-Directory-and-Branch-Management-API\\src\\app.ts","statementMap":{"0":{"start":{"line":1,"column":0},"end":{"line":1,"column":30}},"1":{"start":{"line":2,"column":0},"end":{"line":2,"column":28}},"2":{"start":{"line":3,"column":0},"end":{"line":3,"column":44}},"3":{"start":{"line":4,"column":0},"end":{"line":4,"column":60}},"4":{"start":{"line":5,"column":0},"end":{"line":5,"column":56}},"5":{"start":{"line":7,"column":12},"end":{"line":7,"column":21}},"6":{"start":{"line":9,"column":0},"end":{"line":9,"column":28}},"7":{"start":{"line":10,"column":0},"end":{"line":10,"column":24}},"8":{"start":{"line":12,"column":0},"end":{"line":12,"column":18}},"9":{"start":{"line":14,"column":0},"end":{"line":14,"column":45}},"10":{"start":{"line":15,"column":0},"end":{"line":15,"column":42}},"11":{"start":{"line":17,"column":0},"end":{"line":17,"column":19}}},"fnMap":{},"branchMap":{},"s":{"0":4,"1":4,"2":4,"3":4,"4":4,"5":4,"6":4,"7":4,"8":4,"9":4,"10":4,"11":4},"f":{},"b":{}}
,"C:\\Users\\amnin\\OneDrive\\Desktop\\another faltu\\-Employee-Directory-and-Branch-Management-API\\src\\api\\v1\\controllers\\branchController.ts": {"path":"C:\\Users\\amnin\\OneDrive\\Desktop\\another faltu\\-Employee-Directory-and-Branch-Management-API\\src\\api\\v1\\controllers\\branchController.ts","statementMap":{"0":{"start":{"line":2,"column":0},"end":{"line":2,"column":59}},"1":{"start":{"line":5,"column":20},"end":{"line":11,"column":1}},"2":{"start":{"line":6,"column":2},"end":{"line":10,"column":3}},"3":{"start":{"line":7,"column":4},"end":{"line":7,"column":60}},"4":{"start":{"line":9,"column":4},"end":{"line":9,"column":74}},"5":{"start":{"line":13,"column":28},"end":{"line":22,"column":2}},"6":{"start":{"line":13,"column":81},"end":{"line":22,"column":2}},"7":{"start":{"line":14,"column":2},"end":{"line":21,"column":3}},"8":{"start":{"line":15,"column":31},"end":{"line":15,"column":39}},"9":{"start":{"line":16,"column":22},"end":{"line":16,"column":66}},"10":{"start":{"line":17,"column":4},"end":{"line":17,"column":36}},"11":{"start":{"line":19,"column":4},"end":{"line":19,"column":25}},"12":{"start":{"line":20,"column":4},"end":{"line":20,"column":53}},"13":{"start":{"line":13,"column":13},"end":{"line":13,"column":28}},"14":{"start":{"line":24,"column":30},"end":{"line":32,"column":2}},"15":{"start":{"line":24,"column":84},"end":{"line":32,"column":2}},"16":{"start":{"line":25,"column":2},"end":{"line":31,"column":3}},"17":{"start":{"line":26,"column":21},"end":{"line":26,"column":54}},"18":{"start":{"line":27,"column":4},"end":{"line":27,"column":35}},"19":{"start":{"line":29,"column":4},"end":{"line":29,"column":25}},"20":{"start":{"line":30,"column":4},"end":{"line":30,"column":55}},"21":{"start":{"line":24,"column":13},"end":{"line":24,"column":30}},"22":{"start":{"line":34,"column":29},"end":{"line":47,"column":2}},"23":{"start":{"line":34,"column":82},"end":{"line":47,"column":2}},"24":{"start":{"line":35,"column":2},"end":{"line":46,"column":3}},"25":{"start":{"line":36,"column":21},"end":{"line":36,"column":44}},"26":{"start":{"line":37,"column":19},"end":{"line":37,"column":62}},"27":{"start":{"line":38,"column":4},"end":{"line":42,"column":5}},"28":{"start":{"line":39,"column":6},"end":{"line":39,"column":35}},"29":{"start":{"line":41,"column":6},"end":{"line":41,"column":60}},"30":{"start":{"line":44,"column":4},"end":{"line":44,"column":25}},"31":{"start":{"line":45,"column":4},"end":{"line":45,"column":53}},"32":{"start":{"line":34,"column":13},"end":{"line":34,"column":29}},"33":{"start":{"line":49,"column":28},"end":{"line":63,"column":2}},"34":{"start":{"line":49,"column":81},"end":{"line":63,"column":2}},"35":{"start":{"line":50,"column":2},"end":{"line":62,"column":3}},"36":{"start":{"line":51,"column":21},"end":{"line":51,"column":44}},"37":{"start":{"line":52,"column":41},"end":{"line":52,"column":49}},"38":{"start":{"line":53,"column":26},"end":{"line":53,"column":81}},"39":{"start":{"line":54,"column":4},"end":{"line":58,"column":5}},"40":{"start":{"line":55,"column":6},"end":{"line":55,"column":42}},"41":{"start":{"line":57,"column":6},"end":{"line":57,"column":60}},"42":{"start":{"line":60,"column":4},"end":{"line":60,"column":25}},"43":{"start":{"line":61,"column":4},"end":{"line":61,"column":53}},"44":{"start":{"line":49,"column":13},"end":{"line":49,"column":28}},"45":{"start":{"line":65,"column":28},"end":{"line":75,"column":1}},"46":{"start":{"line":66,"column":19},"end":{"line":66,"column":40}},"47":{"start":{"line":67,"column":18},"end":{"line":67,"column":54}},"48":{"start":{"line":69,"column":2},"end":{"line":74,"column":3}},"49":{"start":{"line":70,"column":6},"end":{"line":70,"column":60}},"50":{"start":{"line":73,"column":6},"end":{"line":73,"column":29}},"51":{"start":{"line":65,"column":13},"end":{"line":65,"column":28}}},"fnMap":{"0":{"name":"(anonymous_16)","decl":{"start":{"line":5,"column":20},"end":{"line":5,"column":21}},"loc":{"start":{"line":5,"column":71},"end":{"line":11,"column":1}}},"1":{"name":"(anonymous_17)","decl":{"start":{"line":13,"column":28},"end":{"line":13,"column":35}},"loc":{"start":{"line":13,"column":81},"end":{"line":22,"column":2}}},"2":{"name":"(anonymous_18)","decl":{"start":{"line":13,"column":81},"end":{"line":13,"column":null}},"loc":{"start":{"line":13,"column":81},"end":{"line":22,"column":1}}},"3":{"name":"(anonymous_19)","decl":{"start":{"line":24,"column":30},"end":{"line":24,"column":37}},"loc":{"start":{"line":24,"column":84},"end":{"line":32,"column":2}}},"4":{"name":"(anonymous_20)","decl":{"start":{"line":24,"column":84},"end":{"line":24,"column":null}},"loc":{"start":{"line":24,"column":84},"end":{"line":32,"column":1}}},"5":{"name":"(anonymous_21)","decl":{"start":{"line":34,"column":29},"end":{"line":34,"column":36}},"loc":{"start":{"line":34,"column":82},"end":{"line":47,"column":2}}},"6":{"name":"(anonymous_22)","decl":{"start":{"line":34,"column":82},"end":{"line":34,"column":null}},"loc":{"start":{"line":34,"column":82},"end":{"line":47,"column":1}}},"7":{"name":"(anonymous_23)","decl":{"start":{"line":49,"column":28},"end":{"line":49,"column":35}},"loc":{"start":{"line":49,"column":81},"end":{"line":63,"column":2}}},"8":{"name":"(anonymous_24)","decl":{"start":{"line":49,"column":81},"end":{"line":49,"column":null}},"loc":{"start":{"line":49,"column":81},"end":{"line":63,"column":1}}},"9":{"name":"(anonymous_25)","decl":{"start":{"line":65,"column":28},"end":{"line":65,"column":29}},"loc":{"start":{"line":65,"column":66},"end":{"line":75,"column":1}}}},"branchMap":{"0":{"loc":{"start":{"line":6,"column":2},"end":{"line":10,"column":3}},"type":"if","locations":[{"start":{"line":6,"column":2},"end":{"line":10,"column":3}},{"start":{"line":8,"column":9},"end":{"line":10,"column":3}}]},"1":{"loc":{"start":{"line":38,"column":4},"end":{"line":42,"column":5}},"type":"if","locations":[{"start":{"line":38,"column":4},"end":{"line":42,"column":5}},{"start":{"line":40,"column":11},"end":{"line":42,"column":5}}]},"2":{"loc":{"start":{"line":54,"column":4},"end":{"line":58,"column":5}},"type":"if","locations":[{"start":{"line":54,"column":4},"end":{"line":58,"column":5}},{"start":{"line":56,"column":11},"end":{"line":58,"column":5}}]},"3":{"loc":{"start":{"line":69,"column":2},"end":{"line":74,"column":3}},"type":"if","locations":[{"start":{"line":69,"column":2},"end":{"line":74,"column":3}},{"start":{"line":71,"column":9},"end":{"line":74,"column":3}}]}},"s":{"0":4,"1":4,"2":0,"3":0,"4":0,"5":4,"6":1,"7":1,"8":1,"9":1,"10":1,"11":0,"12":0,"13":4,"14":4,"15":1,"16":1,"17":1,"18":1,"19":0,"20":0,"21":4,"22":4,"23":2,"24":2,"25":2,"26":2,"27":2,"28":1,"29":1,"30":0,"31":0,"32":4,"33":4,"34":1,"35":1,"36":1,"37":1,"38":1,"39":1,"40":1,"41":0,"42":0,"43":0,"44":4,"45":4,"46":1,"47":1,"48":1,"49":0,"50":1,"51":4},"f":{"0":0,"1":1,"2":1,"3":1,"4":1,"5":2,"6":2,"7":1,"8":1,"9":1},"b":{"0":[0,0],"1":[1,1],"2":[1,0],"3":[0,1]}}
,"C:\\Users\\amnin\\OneDrive\\Desktop\\another faltu\\-Employee-Directory-and-Branch-Management-API\\src\\api\\v1\\controllers\\employeeController.ts": {"path":"C:\\Users\\amnin\\OneDrive\\Desktop\\another faltu\\-Employee-Directory-and-Branch-Management-API\\src\\api\\v1\\controllers\\employeeController.ts","statementMap":{"0":{"start":{"line":2,"column":0},"end":{"line":2,"column":63}},"1":{"start":{"line":4,"column":36},"end":{"line":15,"column":1}},"2":{"start":{"line":5,"column":19},"end":{"line":5,"column":48}},"3":{"start":{"line":6,"column":28},"end":{"line":6,"column":74}},"4":{"start":{"line":8,"column":2},"end":{"line":14,"column":3}},"5":{"start":{"line":10,"column":6},"end":{"line":10,"column":78}},"6":{"start":{"line":13,"column":6},"end":{"line":13,"column":34}},"7":{"start":{"line":4,"column":13},"end":{"line":4,"column":36}},"8":{"start":{"line":18,"column":40},"end":{"line":29,"column":1}},"9":{"start":{"line":19,"column":21},"end":{"line":19,"column":42}},"10":{"start":{"line":20,"column":32},"end":{"line":20,"column":84}},"11":{"start":{"line":22,"column":2},"end":{"line":28,"column":3}},"12":{"start":{"line":24,"column":6},"end":{"line":24,"column":81}},"13":{"start":{"line":27,"column":6},"end":{"line":27,"column":38}},"14":{"start":{"line":18,"column":13},"end":{"line":18,"column":40}}},"fnMap":{"0":{"name":"(anonymous_9)","decl":{"start":{"line":4,"column":36},"end":{"line":4,"column":37}},"loc":{"start":{"line":4,"column":74},"end":{"line":15,"column":1}}},"1":{"name":"(anonymous_10)","decl":{"start":{"line":18,"column":40},"end":{"line":18,"column":41}},"loc":{"start":{"line":18,"column":78},"end":{"line":29,"column":1}}}},"branchMap":{"0":{"loc":{"start":{"line":8,"column":2},"end":{"line":14,"column":3}},"type":"if","locations":[{"start":{"line":8,"column":2},"end":{"line":14,"column":3}},{"start":{"line":11,"column":9},"end":{"line":14,"column":3}}]},"1":{"loc":{"start":{"line":22,"column":2},"end":{"line":28,"column":3}},"type":"if","locations":[{"start":{"line":22,"column":2},"end":{"line":28,"column":3}},{"start":{"line":25,"column":9},"end":{"line":28,"column":3}}]}},"s":{"0":4,"1":4,"2":0,"3":0,"4":0,"5":0,"6":0,"7":4,"8":4,"9":0,"10":0,"11":0,"12":0,"13":0,"14":4},"f":{"0":0,"1":0},"b":{"0":[0,0],"1":[0,0]}}
,"C:\\Users\\amnin\\OneDrive\\Desktop\\another faltu\\-Employee-Directory-and-Branch-Management-API\\src\\api\\v1\\routes\\branchRoutes.ts": {"path":"C:\\Users\\amnin\\OneDrive\\Desktop\\another faltu\\-Employee-Directory-and-Branch-Management-API\\src\\api\\v1\\routes\\branchRoutes.ts","statementMap":{"0":{"start":{"line":1,"column":0},"end":{"line":1,"column":33}},"1":{"start":{"line":2,"column":0},"end":{"line":2,"column":122}},"2":{"start":{"line":4,"column":15},"end":{"line":4,"column":23}},"3":{"start":{"line":36,"column":0},"end":{"line":36,"column":31}},"4":{"start":{"line":48,"column":0},"end":{"line":48,"column":32}},"5":{"start":{"line":68,"column":0},"end":{"line":68,"column":34}},"6":{"start":{"line":92,"column":0},"end":{"line":92,"column":33}},"7":{"start":{"line":110,"column":0},"end":{"line":110,"column":36}},"8":{"start":{"line":112,"column":0},"end":{"line":112,"column":22}}},"fnMap":{},"branchMap":{},"s":{"0":4,"1":4,"2":4,"3":4,"4":4,"5":4,"6":4,"7":4,"8":4},"f":{},"b":{}}
,"C:\\Users\\amnin\\OneDrive\\Desktop\\another faltu\\-Employee-Directory-and-Branch-Management-API\\src\\api\\v1\\routes\\employeeRoutes.ts": {"path":"C:\\Users\\amnin\\OneDrive\\Desktop\\another faltu\\-Employee-Directory-and-Branch-Management-API\\src\\api\\v1\\routes\\employeeRoutes.ts","statementMap":{"0":{"start":{"line":1,"column":0},"end":{"line":1,"column":33}},"1":{"start":{"line":2,"column":0},"end":{"line":2,"column":72}},"2":{"start":{"line":4,"column":15},"end":{"line":4,"column":23}},"3":{"start":{"line":29,"column":0},"end":{"line":29,"column":73}},"4":{"start":{"line":54,"column":0},"end":{"line":54,"column":83}},"5":{"start":{"line":55,"column":0},"end":{"line":55,"column":22}}},"fnMap":{},"branchMap":{},"s":{"0":4,"1":4,"2":4,"3":4,"4":4,"5":4},"f":{},"b":{}}
,"C:\\Users\\amnin\\OneDrive\\Desktop\\another faltu\\-Employee-Directory-and-Branch-Management-API\\src\\api\\v1\\services\\branchService.ts": {"path":"C:\\Users\\amnin\\OneDrive\\Desktop\\another faltu\\-Employee-Directory-and-Branch-Management-API\\src\\api\\v1\\services\\branchService.ts","statementMap":{"0":{"start":{"line":3,"column":25},"end":{"line":3,"column":27}},"1":{"start":{"line":4,"column":22},"end":{"line":4,"column":23}},"2":{"start":{"line":6,"column":27},"end":{"line":6,"column":51}},"3":{"start":{"line":6,"column":43},"end":{"line":6,"column":51}},"4":{"start":{"line":6,"column":13},"end":{"line":6,"column":27}},"5":{"start":{"line":8,"column":29},"end":{"line":9,"column":45}},"6":{"start":{"line":9,"column":4},"end":{"line":9,"column":45}},"7":{"start":{"line":9,"column":28},"end":{"line":9,"column":44}},"8":{"start":{"line":8,"column":13},"end":{"line":8,"column":29}},"9":{"start":{"line":11,"column":28},"end":{"line":15,"column":1}},"10":{"start":{"line":12,"column":19},"end":{"line":12,"column":62}},"11":{"start":{"line":13,"column":4},"end":{"line":13,"column":29}},"12":{"start":{"line":14,"column":4},"end":{"line":14,"column":21}},"13":{"start":{"line":11,"column":13},"end":{"line":11,"column":28}},"14":{"start":{"line":17,"column":28},"end":{"line":23,"column":1}},"15":{"start":{"line":18,"column":18},"end":{"line":18,"column":64}},"16":{"start":{"line":18,"column":47},"end":{"line":18,"column":63}},"17":{"start":{"line":19,"column":4},"end":{"line":19,"column":34}},"18":{"start":{"line":19,"column":22},"end":{"line":19,"column":34}},"19":{"start":{"line":21,"column":4},"end":{"line":21,"column":57}},"20":{"start":{"line":22,"column":4},"end":{"line":22,"column":27}},"21":{"start":{"line":17,"column":13},"end":{"line":17,"column":28}},"22":{"start":{"line":25,"column":28},"end":{"line":31,"column":1}},"23":{"start":{"line":26,"column":18},"end":{"line":26,"column":64}},"24":{"start":{"line":26,"column":47},"end":{"line":26,"column":63}},"25":{"start":{"line":27,"column":4},"end":{"line":27,"column":35}},"26":{"start":{"line":27,"column":22},"end":{"line":27,"column":35}},"27":{"start":{"line":29,"column":4},"end":{"line":29,"column":30}},"28":{"start":{"line":30,"column":4},"end":{"line":30,"column":16}},"29":{"start":{"line":25,"column":13},"end":{"line":25,"column":28}}},"fnMap":{"0":{"name":"(anonymous_0)","decl":{"start":{"line":6,"column":27},"end":{"line":6,"column":40}},"loc":{"start":{"line":6,"column":43},"end":{"line":6,"column":51}}},"1":{"name":"(anonymous_1)","decl":{"start":{"line":8,"column":29},"end":{"line":8,"column":30}},"loc":{"start":{"line":9,"column":4},"end":{"line":9,"column":45}}},"2":{"name":"(anonymous_2)","decl":{"start":{"line":9,"column":18},"end":{"line":9,"column":24}},"loc":{"start":{"line":9,"column":28},"end":{"line":9,"column":44}}},"3":{"name":"(anonymous_3)","decl":{"start":{"line":11,"column":28},"end":{"line":11,"column":29}},"loc":{"start":{"line":11,"column":71},"end":{"line":15,"column":1}}},"4":{"name":"(anonymous_4)","decl":{"start":{"line":17,"column":28},"end":{"line":17,"column":29}},"loc":{"start":{"line":17,"column":84},"end":{"line":23,"column":1}}},"5":{"name":"(anonymous_5)","decl":{"start":{"line":18,"column":37},"end":{"line":18,"column":43}},"loc":{"start":{"line":18,"column":47},"end":{"line":18,"column":63}}},"6":{"name":"(anonymous_6)","decl":{"start":{"line":25,"column":28},"end":{"line":25,"column":29}},"loc":{"start":{"line":25,"column":52},"end":{"line":31,"column":1}}},"7":{"name":"(anonymous_7)","decl":{"start":{"line":26,"column":37},"end":{"line":26,"column":43}},"loc":{"start":{"line":26,"column":47},"end":{"line":26,"column":63}}}},"branchMap":{"0":{"loc":{"start":{"line":19,"column":4},"end":{"line":19,"column":34}},"type":"if","locations":[{"start":{"line":19,"column":4},"end":{"line":19,"column":34}}]},"1":{"loc":{"start":{"line":27,"column":4},"end":{"line":27,"column":35}},"type":"if","locations":[{"start":{"line":27,"column":4},"end":{"line":27,"column":35}}]}},"s":{"0":4,"1":4,"2":4,"3":1,"4":4,"5":4,"6":2,"7":1,"8":4,"9":4,"10":1,"11":1,"12":1,"13":4,"14":4,"15":1,"16":1,"17":1,"18":0,"19":1,"20":1,"21":4,"22":4,"23":1,"24":1,"25":1,"26":0,"27":1,"28":1,"29":4},"f":{"0":1,"1":2,"2":1,"3":1,"4":1,"5":1,"6":1,"7":1},"b":{"0":[0],"1":[0]}}
,"C:\\Users\\amnin\\OneDrive\\Desktop\\another faltu\\-Employee-Directory-and-Branch-Management-API\\src\\api\\v1\\services\\employeeService.ts": {"path":"C:\\Users\\amnin\\OneDrive\\Desktop\\another faltu\\-Employee-Directory-and-Branch-Management-API\\src\\api\\v1\\services\\employeeService.ts","statementMap":{"0":{"start":{"line":3,"column":28},"end":{"line":14,"column":2}},"1":{"start":{"line":16,"column":30},"end":{"line":20,"column":1}},"2":{"start":{"line":17,"column":21},"end":{"line":17,"column":79}},"3":{"start":{"line":18,"column":4},"end":{"line":18,"column":32}},"4":{"start":{"line":19,"column":4},"end":{"line":19,"column":23}},"5":{"start":{"line":16,"column":13},"end":{"line":16,"column":30}},"6":{"start":{"line":22,"column":31},"end":{"line":22,"column":58}},"7":{"start":{"line":22,"column":49},"end":{"line":22,"column":58}},"8":{"start":{"line":22,"column":13},"end":{"line":22,"column":31}},"9":{"start":{"line":24,"column":31},"end":{"line":26,"column":1}},"10":{"start":{"line":25,"column":4},"end":{"line":25,"column":48}},"11":{"start":{"line":25,"column":33},"end":{"line":25,"column":46}},"12":{"start":{"line":24,"column":13},"end":{"line":24,"column":31}},"13":{"start":{"line":28,"column":36},"end":{"line":30,"column":1}},"14":{"start":{"line":29,"column":4},"end":{"line":29,"column":62}},"15":{"start":{"line":29,"column":35},"end":{"line":29,"column":60}},"16":{"start":{"line":28,"column":13},"end":{"line":28,"column":36}},"17":{"start":{"line":32,"column":40},"end":{"line":34,"column":1}},"18":{"start":{"line":33,"column":4},"end":{"line":33,"column":94}},"19":{"start":{"line":33,"column":35},"end":{"line":33,"column":92}},"20":{"start":{"line":32,"column":13},"end":{"line":32,"column":40}},"21":{"start":{"line":36,"column":30},"end":{"line":42,"column":1}},"22":{"start":{"line":37,"column":21},"end":{"line":37,"column":62}},"23":{"start":{"line":37,"column":48},"end":{"line":37,"column":61}},"24":{"start":{"line":38,"column":4},"end":{"line":38,"column":37}},"25":{"start":{"line":38,"column":25},"end":{"line":38,"column":37}},"26":{"start":{"line":40,"column":4},"end":{"line":40,"column":69}},"27":{"start":{"line":41,"column":4},"end":{"line":41,"column":31}},"28":{"start":{"line":36,"column":13},"end":{"line":36,"column":30}},"29":{"start":{"line":44,"column":30},"end":{"line":48,"column":1}},"30":{"start":{"line":45,"column":26},"end":{"line":45,"column":42}},"31":{"start":{"line":46,"column":4},"end":{"line":46,"column":55}},"32":{"start":{"line":46,"column":40},"end":{"line":46,"column":53}},"33":{"start":{"line":47,"column":4},"end":{"line":47,"column":44}},"34":{"start":{"line":44,"column":13},"end":{"line":44,"column":30}}},"fnMap":{"0":{"name":"(anonymous_0)","decl":{"start":{"line":16,"column":30},"end":{"line":16,"column":31}},"loc":{"start":{"line":16,"column":79},"end":{"line":20,"column":1}}},"1":{"name":"(anonymous_1)","decl":{"start":{"line":22,"column":31},"end":{"line":22,"column":46}},"loc":{"start":{"line":22,"column":49},"end":{"line":22,"column":58}}},"2":{"name":"(anonymous_2)","decl":{"start":{"line":24,"column":31},"end":{"line":24,"column":32}},"loc":{"start":{"line":24,"column":68},"end":{"line":26,"column":1}}},"3":{"name":"(anonymous_3)","decl":{"start":{"line":25,"column":26},"end":{"line":25,"column":29}},"loc":{"start":{"line":25,"column":33},"end":{"line":25,"column":46}}},"4":{"name":"(anonymous_4)","decl":{"start":{"line":28,"column":36},"end":{"line":28,"column":37}},"loc":{"start":{"line":28,"column":69},"end":{"line":30,"column":1}}},"5":{"name":"(anonymous_5)","decl":{"start":{"line":29,"column":28},"end":{"line":29,"column":31}},"loc":{"start":{"line":29,"column":35},"end":{"line":29,"column":60}}},"6":{"name":"(anonymous_6)","decl":{"start":{"line":32,"column":40},"end":{"line":32,"column":41}},"loc":{"start":{"line":32,"column":75},"end":{"line":34,"column":1}}},"7":{"name":"(anonymous_7)","decl":{"start":{"line":33,"column":28},"end":{"line":33,"column":31}},"loc":{"start":{"line":33,"column":35},"end":{"line":33,"column":92}}},"8":{"name":"(anonymous_8)","decl":{"start":{"line":36,"column":30},"end":{"line":36,"column":31}},"loc":{"start":{"line":36,"column":94},"end":{"line":42,"column":1}}},"9":{"name":"(anonymous_9)","decl":{"start":{"line":37,"column":41},"end":{"line":37,"column":44}},"loc":{"start":{"line":37,"column":48},"end":{"line":37,"column":61}}},"10":{"name":"(anonymous_10)","decl":{"start":{"line":44,"column":30},"end":{"line":44,"column":31}},"loc":{"start":{"line":44,"column":54},"end":{"line":48,"column":1}}},"11":{"name":"(anonymous_11)","decl":{"start":{"line":46,"column":33},"end":{"line":46,"column":36}},"loc":{"start":{"line":46,"column":40},"end":{"line":46,"column":53}}}},"branchMap":{"0":{"loc":{"start":{"line":38,"column":4},"end":{"line":38,"column":37}},"type":"if","locations":[{"start":{"line":38,"column":4},"end":{"line":38,"column":37}}]}},"s":{"0":4,"1":4,"2":0,"3":0,"4":0,"5":4,"6":4,"7":0,"8":4,"9":4,"10":0,"11":0,"12":4,"13":4,"14":0,"15":0,"16":4,"17":4,"18":0,"19":0,"20":4,"21":4,"22":0,"23":0,"24":0,"25":0,"26":0,"27":0,"28":4,"29":4,"30":0,"31":0,"32":0,"33":0,"34":4},"f":{"0":0,"1":0,"2":0,"3":0,"4":0,"5":0,"6":0,"7":0,"8":0,"9":0,"10":0,"11":0},"b":{"0":[0]}}
,"C:\\Users\\amnin\\OneDrive\\Desktop\\another faltu\\-Employee-Directory-and-Branch-Management-API\\src\\config\\swagger.ts": {"path":"C:\\Users\\amnin\\OneDrive\\Desktop\\another faltu\\-Employee-Directory-and-Branch-Management-API\\src\\config\\swagger.ts","statementMap":{"0":{"start":{"line":1,"column":0},"end":{"line":1,"column":41}},"1":{"start":{"line":2,"column":0},"end":{"line":2,"column":43}},"2":{"start":{"line":5,"column":38},"end":{"line":16,"column":2}},"3":{"start":{"line":18,"column":20},"end":{"line":18,"column":41}},"4":{"start":{"line":20,"column":21},"end":{"line":23,"column":1}},"5":{"start":{"line":21,"column":4},"end":{"line":21,"column":72}},"6":{"start":{"line":22,"column":4},"end":{"line":22,"column":76}},"7":{"start":{"line":25,"column":0},"end":{"line":25,"column":28}}},"fnMap":{"0":{"name":"(anonymous_1)","decl":{"start":{"line":20,"column":21},"end":{"line":20,"column":22}},"loc":{"start":{"line":20,"column":38},"end":{"line":23,"column":1}}}},"branchMap":{},"s":{"0":4,"1":4,"2":4,"3":4,"4":4,"5":4,"6":4,"7":4},"f":{"0":4},"b":{}}
}
