{"C:\\Users\\amnin\\OneDrive\\Desktop\\another faltu\\-Employee-Directory-and-Branch-Management-API\\src\\app.ts": {"path":"C:\\Users\\amnin\\OneDrive\\Desktop\\another faltu\\-Employee-Directory-and-Branch-Management-API\\src\\app.ts","statementMap":{"0":{"start":{"line":1,"column":0},"end":{"line":1,"column":30}},"1":{"start":{"line":2,"column":0},"end":{"line":2,"column":28}},"2":{"start":{"line":3,"column":0},"end":{"line":3,"column":44}},"3":{"start":{"line":4,"column":0},"end":{"line":4,"column":60}},"4":{"start":{"line":5,"column":0},"end":{"line":5,"column":56}},"5":{"start":{"line":7,"column":12},"end":{"line":7,"column":21}},"6":{"start":{"line":9,"column":0},"end":{"line":9,"column":28}},"7":{"start":{"line":10,"column":0},"end":{"line":10,"column":24}},"8":{"start":{"line":12,"column":0},"end":{"line":12,"column":18}},"9":{"start":{"line":14,"column":0},"end":{"line":14,"column":45}},"10":{"start":{"line":15,"column":0},"end":{"line":15,"column":42}},"11":{"start":{"line":17,"column":0},"end":{"line":17,"column":19}}},"fnMap":{},"branchMap":{},"s":{"0":3,"1":3,"2":3,"3":3,"4":3,"5":3,"6":3,"7":3,"8":3,"9":3,"10":3,"11":3},"f":{},"b":{}}
,"C:\\Users\\amnin\\OneDrive\\Desktop\\another faltu\\-Employee-Directory-and-Branch-Management-API\\src\\api\\v1\\controllers\\branchController.ts": {"path":"C:\\Users\\amnin\\OneDrive\\Desktop\\another faltu\\-Employee-Directory-and-Branch-Management-API\\src\\api\\v1\\controllers\\branchController.ts","statementMap":{"0":{"start":{"line":2,"column":0},"end":{"line":2,"column":59}},"1":{"start":{"line":5,"column":20},"end":{"line":11,"column":1}},"2":{"start":{"line":6,"column":2},"end":{"line":10,"column":3}},"3":{"start":{"line":7,"column":4},"end":{"line":7,"column":60}},"4":{"start":{"line":9,"column":4},"end":{"line":9,"column":74}},"5":{"start":{"line":13,"column":28},"end":{"line":22,"column":2}},"6":{"start":{"line":13,"column":81},"end":{"line":22,"column":2}},"7":{"start":{"line":14,"column":2},"end":{"line":21,"column":3}},"8":{"start":{"line":15,"column":31},"end":{"line":15,"column":39}},"9":{"start":{"line":16,"column":22},"end":{"line":16,"column":66}},"10":{"start":{"line":17,"column":4},"end":{"line":17,"column":36}},"11":{"start":{"line":19,"column":4},"end":{"line":19,"column":25}},"12":{"start":{"line":20,"column":4},"end":{"line":20,"column":53}},"13":{"start":{"line":13,"column":13},"end":{"line":13,"column":28}},"14":{"start":{"line":24,"column":30},"end":{"line":32,"column":2}},"15":{"start":{"line":24,"column":84},"end":{"line":32,"column":2}},"16":{"start":{"line":25,"column":2},"end":{"line":31,"column":3}},"17":{"start":{"line":26,"column":21},"end":{"line":26,"column":54}},"18":{"start":{"line":27,"column":4},"end":{"line":27,"column":35}},"19":{"start":{"line":29,"column":4},"end":{"line":29,"column":25}},"20":{"start":{"line":30,"column":4},"end":{"line":30,"column":55}},"21":{"start":{"line":24,"column":13},"end":{"line":24,"column":30}},"22":{"start":{"line":34,"column":29},"end":{"line":47,"column":2}},"23":{"start":{"line":34,"column":82},"end":{"line":47,"column":2}},"24":{"start":{"line":35,"column":2},"end":{"line":46,"column":3}},"25":{"start":{"line":36,"column":21},"end":{"line":36,"column":44}},"26":{"start":{"line":37,"column":19},"end":{"line":37,"column":62}},"27":{"start":{"line":38,"column":4},"end":{"line":42,"column":5}},"28":{"start":{"line":39,"column":6},"end":{"line":39,"column":35}},"29":{"start":{"line":41,"column":6},"end":{"line":41,"column":60}},"30":{"start":{"line":44,"column":4},"end":{"line":44,"column":25}},"31":{"start":{"line":45,"column":4},"end":{"line":45,"column":53}},"32":{"start":{"line":34,"column":13},"end":{"line":34,"column":29}},"33":{"start":{"line":49,"column":28},"end":{"line":63,"column":2}},"34":{"start":{"line":49,"column":81},"end":{"line":63,"column":2}},"35":{"start":{"line":50,"column":2},"end":{"line":62,"column":3}},"36":{"start":{"line":51,"column":21},"end":{"line":51,"column":44}},"37":{"start":{"line":52,"column":41},"end":{"line":52,"column":49}},"38":{"start":{"line":53,"column":26},"end":{"line":53,"column":81}},"39":{"start":{"line":54,"column":4},"end":{"line":58,"column":5}},"40":{"start":{"line":55,"column":6},"end":{"line":55,"column":42}},"41":{"start":{"line":57,"column":6},"end":{"line":57,"column":60}},"42":{"start":{"line":60,"column":4},"end":{"line":60,"column":25}},"43":{"start":{"line":61,"column":4},"end":{"line":61,"column":53}},"44":{"start":{"line":49,"column":13},"end":{"line":49,"column":28}},"45":{"start":{"line":65,"column":28},"end":{"line":78,"column":2}},"46":{"start":{"line":65,"column":81},"end":{"line":78,"column":2}},"47":{"start":{"line":66,"column":2},"end":{"line":77,"column":3}},"48":{"start":{"line":67,"column":21},"end":{"line":67,"column":44}},"49":{"start":{"line":68,"column":19},"end":{"line":68,"column":61}},"50":{"start":{"line":69,"column":4},"end":{"line":73,"column":5}},"51":{"start":{"line":70,"column":6},"end":{"line":70,"column":71}},"52":{"start":{"line":72,"column":6},"end":{"line":72,"column":60}},"53":{"start":{"line":75,"column":4},"end":{"line":75,"column":25}},"54":{"start":{"line":76,"column":4},"end":{"line":76,"column":53}},"55":{"start":{"line":65,"column":13},"end":{"line":65,"column":28}}},"fnMap":{"0":{"name":"(anonymous_16)","decl":{"start":{"line":5,"column":20},"end":{"line":5,"column":21}},"loc":{"start":{"line":5,"column":71},"end":{"line":11,"column":1}}},"1":{"name":"(anonymous_17)","decl":{"start":{"line":13,"column":28},"end":{"line":13,"column":35}},"loc":{"start":{"line":13,"column":81},"end":{"line":22,"column":2}}},"2":{"name":"(anonymous_18)","decl":{"start":{"line":13,"column":81},"end":{"line":13,"column":null}},"loc":{"start":{"line":13,"column":81},"end":{"line":22,"column":1}}},"3":{"name":"(anonymous_19)","decl":{"start":{"line":24,"column":30},"end":{"line":24,"column":37}},"loc":{"start":{"line":24,"column":84},"end":{"line":32,"column":2}}},"4":{"name":"(anonymous_20)","decl":{"start":{"line":24,"column":84},"end":{"line":24,"column":null}},"loc":{"start":{"line":24,"column":84},"end":{"line":32,"column":1}}},"5":{"name":"(anonymous_21)","decl":{"start":{"line":34,"column":29},"end":{"line":34,"column":36}},"loc":{"start":{"line":34,"column":82},"end":{"line":47,"column":2}}},"6":{"name":"(anonymous_22)","decl":{"start":{"line":34,"column":82},"end":{"line":34,"column":null}},"loc":{"start":{"line":34,"column":82},"end":{"line":47,"column":1}}},"7":{"name":"(anonymous_23)","decl":{"start":{"line":49,"column":28},"end":{"line":49,"column":35}},"loc":{"start":{"line":49,"column":81},"end":{"line":63,"column":2}}},"8":{"name":"(anonymous_24)","decl":{"start":{"line":49,"column":81},"end":{"line":49,"column":null}},"loc":{"start":{"line":49,"column":81},"end":{"line":63,"column":1}}},"9":{"name":"(anonymous_25)","decl":{"start":{"line":65,"column":28},"end":{"line":65,"column":35}},"loc":{"start":{"line":65,"column":81},"end":{"line":78,"column":2}}},"10":{"name":"(anonymous_26)","decl":{"start":{"line":65,"column":81},"end":{"line":65,"column":null}},"loc":{"start":{"line":65,"column":81},"end":{"line":78,"column":1}}}},"branchMap":{"0":{"loc":{"start":{"line":6,"column":2},"end":{"line":10,"column":3}},"type":"if","locations":[{"start":{"line":6,"column":2},"end":{"line":10,"column":3}},{"start":{"line":8,"column":9},"end":{"line":10,"column":3}}]},"1":{"loc":{"start":{"line":38,"column":4},"end":{"line":42,"column":5}},"type":"if","locations":[{"start":{"line":38,"column":4},"end":{"line":42,"column":5}},{"start":{"line":40,"column":11},"end":{"line":42,"column":5}}]},"2":{"loc":{"start":{"line":54,"column":4},"end":{"line":58,"column":5}},"type":"if","locations":[{"start":{"line":54,"column":4},"end":{"line":58,"column":5}},{"start":{"line":56,"column":11},"end":{"line":58,"column":5}}]},"3":{"loc":{"start":{"line":69,"column":4},"end":{"line":73,"column":5}},"type":"if","locations":[{"start":{"line":69,"column":4},"end":{"line":73,"column":5}},{"start":{"line":71,"column":11},"end":{"line":73,"column":5}}]}},"s":{"0":3,"1":3,"2":0,"3":0,"4":0,"5":3,"6":1,"7":1,"8":1,"9":1,"10":1,"11":0,"12":0,"13":3,"14":3,"15":1,"16":1,"17":1,"18":1,"19":0,"20":0,"21":3,"22":3,"23":2,"24":2,"25":2,"26":2,"27":2,"28":1,"29":1,"30":0,"31":0,"32":3,"33":3,"34":1,"35":1,"36":1,"37":1,"38":1,"39":1,"40":1,"41":0,"42":0,"43":0,"44":3,"45":3,"46":1,"47":1,"48":1,"49":1,"50":1,"51":1,"52":0,"53":0,"54":0,"55":3},"f":{"0":0,"1":1,"2":1,"3":1,"4":1,"5":2,"6":2,"7":1,"8":1,"9":1,"10":1},"b":{"0":[0,0],"1":[1,1],"2":[1,0],"3":[1,0]}}
,"C:\\Users\\amnin\\OneDrive\\Desktop\\another faltu\\-Employee-Directory-and-Branch-Management-API\\src\\api\\v1\\controllers\\employeeController.ts": {"path":"C:\\Users\\amnin\\OneDrive\\Desktop\\another faltu\\-Employee-Directory-and-Branch-Management-API\\src\\api\\v1\\controllers\\employeeController.ts","statementMap":{"0":{"start":{"line":2,"column":0},"end":{"line":2,"column":63}},"1":{"start":{"line":6,"column":20},"end":{"line":12,"column":1}},"2":{"start":{"line":7,"column":2},"end":{"line":11,"column":3}},"3":{"start":{"line":8,"column":4},"end":{"line":8,"column":60}},"4":{"start":{"line":10,"column":4},"end":{"line":10,"column":74}},"5":{"start":{"line":14,"column":30},"end":{"line":23,"column":2}},"6":{"start":{"line":14,"column":83},"end":{"line":23,"column":2}},"7":{"start":{"line":15,"column":2},"end":{"line":22,"column":3}},"8":{"start":{"line":16,"column":35},"end":{"line":16,"column":43}},"9":{"start":{"line":17,"column":24},"end":{"line":17,"column":74}},"10":{"start":{"line":18,"column":4},"end":{"line":18,"column":38}},"11":{"start":{"line":20,"column":4},"end":{"line":20,"column":25}},"12":{"start":{"line":21,"column":4},"end":{"line":21,"column":55}},"13":{"start":{"line":14,"column":13},"end":{"line":14,"column":30}},"14":{"start":{"line":25,"column":31},"end":{"line":33,"column":2}},"15":{"start":{"line":25,"column":84},"end":{"line":33,"column":2}},"16":{"start":{"line":26,"column":2},"end":{"line":32,"column":3}},"17":{"start":{"line":27,"column":22},"end":{"line":27,"column":61}},"18":{"start":{"line":28,"column":4},"end":{"line":28,"column":36}},"19":{"start":{"line":30,"column":4},"end":{"line":30,"column":25}},"20":{"start":{"line":31,"column":4},"end":{"line":31,"column":56}},"21":{"start":{"line":25,"column":13},"end":{"line":25,"column":31}},"22":{"start":{"line":35,"column":31},"end":{"line":52,"column":2}},"23":{"start":{"line":35,"column":84},"end":{"line":52,"column":2}},"24":{"start":{"line":36,"column":2},"end":{"line":51,"column":3}},"25":{"start":{"line":37,"column":23},"end":{"line":37,"column":44}},"26":{"start":{"line":38,"column":4},"end":{"line":41,"column":5}},"27":{"start":{"line":39,"column":6},"end":{"line":39,"column":63}},"28":{"start":{"line":40,"column":6},"end":{"line":40,"column":13}},"29":{"start":{"line":42,"column":21},"end":{"line":42,"column":70}},"30":{"start":{"line":43,"column":4},"end":{"line":47,"column":5}},"31":{"start":{"line":44,"column":6},"end":{"line":44,"column":37}},"32":{"start":{"line":46,"column":6},"end":{"line":46,"column":62}},"33":{"start":{"line":49,"column":4},"end":{"line":49,"column":25}},"34":{"start":{"line":50,"column":4},"end":{"line":50,"column":55}},"35":{"start":{"line":35,"column":13},"end":{"line":35,"column":31}},"36":{"start":{"line":54,"column":30},"end":{"line":72,"column":2}},"37":{"start":{"line":54,"column":83},"end":{"line":72,"column":2}},"38":{"start":{"line":55,"column":2},"end":{"line":71,"column":3}},"39":{"start":{"line":56,"column":23},"end":{"line":56,"column":44}},"40":{"start":{"line":57,"column":4},"end":{"line":60,"column":5}},"41":{"start":{"line":58,"column":6},"end":{"line":58,"column":63}},"42":{"start":{"line":59,"column":6},"end":{"line":59,"column":13}},"43":{"start":{"line":61,"column":43},"end":{"line":61,"column":51}},"44":{"start":{"line":62,"column":28},"end":{"line":62,"column":89}},"45":{"start":{"line":63,"column":4},"end":{"line":67,"column":5}},"46":{"start":{"line":64,"column":6},"end":{"line":64,"column":44}},"47":{"start":{"line":66,"column":6},"end":{"line":66,"column":62}},"48":{"start":{"line":69,"column":4},"end":{"line":69,"column":25}},"49":{"start":{"line":70,"column":4},"end":{"line":70,"column":55}},"50":{"start":{"line":54,"column":13},"end":{"line":54,"column":30}},"51":{"start":{"line":74,"column":30},"end":{"line":91,"column":2}},"52":{"start":{"line":74,"column":83},"end":{"line":91,"column":2}},"53":{"start":{"line":75,"column":2},"end":{"line":90,"column":3}},"54":{"start":{"line":76,"column":23},"end":{"line":76,"column":44}},"55":{"start":{"line":77,"column":4},"end":{"line":80,"column":5}},"56":{"start":{"line":78,"column":6},"end":{"line":78,"column":63}},"57":{"start":{"line":79,"column":6},"end":{"line":79,"column":13}},"58":{"start":{"line":81,"column":19},"end":{"line":81,"column":67}},"59":{"start":{"line":82,"column":4},"end":{"line":86,"column":5}},"60":{"start":{"line":83,"column":6},"end":{"line":83,"column":73}},"61":{"start":{"line":85,"column":6},"end":{"line":85,"column":62}},"62":{"start":{"line":88,"column":4},"end":{"line":88,"column":25}},"63":{"start":{"line":89,"column":4},"end":{"line":89,"column":55}},"64":{"start":{"line":74,"column":13},"end":{"line":74,"column":30}},"65":{"start":{"line":93,"column":36},"end":{"line":106,"column":2}},"66":{"start":{"line":93,"column":89},"end":{"line":106,"column":2}},"67":{"start":{"line":94,"column":2},"end":{"line":105,"column":3}},"68":{"start":{"line":95,"column":21},"end":{"line":95,"column":48}},"69":{"start":{"line":96,"column":4},"end":{"line":99,"column":5}},"70":{"start":{"line":97,"column":6},"end":{"line":97,"column":61}},"71":{"start":{"line":98,"column":6},"end":{"line":98,"column":13}},"72":{"start":{"line":100,"column":22},"end":{"line":100,"column":75}},"73":{"start":{"line":101,"column":4},"end":{"line":101,"column":36}},"74":{"start":{"line":103,"column":4},"end":{"line":103,"column":25}},"75":{"start":{"line":104,"column":4},"end":{"line":104,"column":66}},"76":{"start":{"line":93,"column":13},"end":{"line":93,"column":36}},"77":{"start":{"line":108,"column":40},"end":{"line":117,"column":2}},"78":{"start":{"line":108,"column":93},"end":{"line":117,"column":2}},"79":{"start":{"line":109,"column":2},"end":{"line":116,"column":3}},"80":{"start":{"line":110,"column":23},"end":{"line":110,"column":44}},"81":{"start":{"line":111,"column":22},"end":{"line":111,"column":80}},"82":{"start":{"line":112,"column":4},"end":{"line":112,"column":36}},"83":{"start":{"line":114,"column":4},"end":{"line":114,"column":25}},"84":{"start":{"line":115,"column":4},"end":{"line":115,"column":70}},"85":{"start":{"line":108,"column":13},"end":{"line":108,"column":40}}},"fnMap":{"0":{"name":"(anonymous_16)","decl":{"start":{"line":6,"column":20},"end":{"line":6,"column":21}},"loc":{"start":{"line":6,"column":71},"end":{"line":12,"column":1}}},"1":{"name":"(anonymous_17)","decl":{"start":{"line":14,"column":30},"end":{"line":14,"column":37}},"loc":{"start":{"line":14,"column":83},"end":{"line":23,"column":2}}},"2":{"name":"(anonymous_18)","decl":{"start":{"line":14,"column":83},"end":{"line":14,"column":null}},"loc":{"start":{"line":14,"column":83},"end":{"line":23,"column":1}}},"3":{"name":"(anonymous_19)","decl":{"start":{"line":25,"column":31},"end":{"line":25,"column":38}},"loc":{"start":{"line":25,"column":84},"end":{"line":33,"column":2}}},"4":{"name":"(anonymous_20)","decl":{"start":{"line":25,"column":84},"end":{"line":25,"column":null}},"loc":{"start":{"line":25,"column":84},"end":{"line":33,"column":1}}},"5":{"name":"(anonymous_21)","decl":{"start":{"line":35,"column":31},"end":{"line":35,"column":38}},"loc":{"start":{"line":35,"column":84},"end":{"line":52,"column":2}}},"6":{"name":"(anonymous_22)","decl":{"start":{"line":35,"column":84},"end":{"line":35,"column":null}},"loc":{"start":{"line":35,"column":84},"end":{"line":52,"column":1}}},"7":{"name":"(anonymous_23)","decl":{"start":{"line":54,"column":30},"end":{"line":54,"column":37}},"loc":{"start":{"line":54,"column":83},"end":{"line":72,"column":2}}},"8":{"name":"(anonymous_24)","decl":{"start":{"line":54,"column":83},"end":{"line":54,"column":null}},"loc":{"start":{"line":54,"column":83},"end":{"line":72,"column":1}}},"9":{"name":"(anonymous_25)","decl":{"start":{"line":74,"column":30},"end":{"line":74,"column":37}},"loc":{"start":{"line":74,"column":83},"end":{"line":91,"column":2}}},"10":{"name":"(anonymous_26)","decl":{"start":{"line":74,"column":83},"end":{"line":74,"column":null}},"loc":{"start":{"line":74,"column":83},"end":{"line":91,"column":1}}},"11":{"name":"(anonymous_27)","decl":{"start":{"line":93,"column":36},"end":{"line":93,"column":43}},"loc":{"start":{"line":93,"column":89},"end":{"line":106,"column":2}}},"12":{"name":"(anonymous_28)","decl":{"start":{"line":93,"column":89},"end":{"line":93,"column":null}},"loc":{"start":{"line":93,"column":89},"end":{"line":106,"column":1}}},"13":{"name":"(anonymous_29)","decl":{"start":{"line":108,"column":40},"end":{"line":108,"column":47}},"loc":{"start":{"line":108,"column":93},"end":{"line":117,"column":2}}},"14":{"name":"(anonymous_30)","decl":{"start":{"line":108,"column":93},"end":{"line":108,"column":null}},"loc":{"start":{"line":108,"column":93},"end":{"line":117,"column":1}}}},"branchMap":{"0":{"loc":{"start":{"line":7,"column":2},"end":{"line":11,"column":3}},"type":"if","locations":[{"start":{"line":7,"column":2},"end":{"line":11,"column":3}},{"start":{"line":9,"column":9},"end":{"line":11,"column":3}}]},"1":{"loc":{"start":{"line":38,"column":4},"end":{"line":41,"column":5}},"type":"if","locations":[{"start":{"line":38,"column":4},"end":{"line":41,"column":5}}]},"2":{"loc":{"start":{"line":43,"column":4},"end":{"line":47,"column":5}},"type":"if","locations":[{"start":{"line":43,"column":4},"end":{"line":47,"column":5}},{"start":{"line":45,"column":11},"end":{"line":47,"column":5}}]},"3":{"loc":{"start":{"line":57,"column":4},"end":{"line":60,"column":5}},"type":"if","locations":[{"start":{"line":57,"column":4},"end":{"line":60,"column":5}}]},"4":{"loc":{"start":{"line":63,"column":4},"end":{"line":67,"column":5}},"type":"if","locations":[{"start":{"line":63,"column":4},"end":{"line":67,"column":5}},{"start":{"line":65,"column":11},"end":{"line":67,"column":5}}]},"5":{"loc":{"start":{"line":77,"column":4},"end":{"line":80,"column":5}},"type":"if","locations":[{"start":{"line":77,"column":4},"end":{"line":80,"column":5}}]},"6":{"loc":{"start":{"line":82,"column":4},"end":{"line":86,"column":5}},"type":"if","locations":[{"start":{"line":82,"column":4},"end":{"line":86,"column":5}},{"start":{"line":84,"column":11},"end":{"line":86,"column":5}}]},"7":{"loc":{"start":{"line":96,"column":4},"end":{"line":99,"column":5}},"type":"if","locations":[{"start":{"line":96,"column":4},"end":{"line":99,"column":5}}]}},"s":{"0":3,"1":3,"2":0,"3":0,"4":0,"5":3,"6":1,"7":1,"8":1,"9":1,"10":1,"11":0,"12":0,"13":3,"14":3,"15":1,"16":1,"17":1,"18":1,"19":0,"20":0,"21":3,"22":3,"23":0,"24":0,"25":0,"26":0,"27":0,"28":0,"29":0,"30":0,"31":0,"32":0,"33":0,"34":0,"35":3,"36":3,"37":0,"38":0,"39":0,"40":0,"41":0,"42":0,"43":0,"44":0,"45":0,"46":0,"47":0,"48":0,"49":0,"50":3,"51":3,"52":0,"53":0,"54":0,"55":0,"56":0,"57":0,"58":0,"59":0,"60":0,"61":0,"62":0,"63":0,"64":3,"65":3,"66":0,"67":0,"68":0,"69":0,"70":0,"71":0,"72":0,"73":0,"74":0,"75":0,"76":3,"77":3,"78":0,"79":0,"80":0,"81":0,"82":0,"83":0,"84":0,"85":3},"f":{"0":0,"1":1,"2":1,"3":1,"4":1,"5":0,"6":0,"7":0,"8":0,"9":0,"10":0,"11":0,"12":0,"13":0,"14":0},"b":{"0":[0,0],"1":[0],"2":[0,0],"3":[0],"4":[0,0],"5":[0],"6":[0,0],"7":[0]}}
,"C:\\Users\\amnin\\OneDrive\\Desktop\\another faltu\\-Employee-Directory-and-Branch-Management-API\\src\\api\\v1\\routes\\branchRoutes.ts": {"path":"C:\\Users\\amnin\\OneDrive\\Desktop\\another faltu\\-Employee-Directory-and-Branch-Management-API\\src\\api\\v1\\routes\\branchRoutes.ts","statementMap":{"0":{"start":{"line":1,"column":0},"end":{"line":1,"column":33}},"1":{"start":{"line":2,"column":0},"end":{"line":2,"column":122}},"2":{"start":{"line":4,"column":15},"end":{"line":4,"column":23}},"3":{"start":{"line":36,"column":0},"end":{"line":36,"column":31}},"4":{"start":{"line":48,"column":0},"end":{"line":48,"column":32}},"5":{"start":{"line":68,"column":0},"end":{"line":68,"column":34}},"6":{"start":{"line":92,"column":0},"end":{"line":92,"column":33}},"7":{"start":{"line":110,"column":0},"end":{"line":110,"column":36}},"8":{"start":{"line":112,"column":0},"end":{"line":112,"column":22}}},"fnMap":{},"branchMap":{},"s":{"0":3,"1":3,"2":3,"3":3,"4":3,"5":3,"6":3,"7":3,"8":3},"f":{},"b":{}}
,"C:\\Users\\amnin\\OneDrive\\Desktop\\another faltu\\-Employee-Directory-and-Branch-Management-API\\src\\api\\v1\\routes\\employeeRoutes.ts": {"path":"C:\\Users\\amnin\\OneDrive\\Desktop\\another faltu\\-Employee-Directory-and-Branch-Management-API\\src\\api\\v1\\routes\\employeeRoutes.ts","statementMap":{"0":{"start":{"line":1,"column":0},"end":{"line":1,"column":33}},"1":{"start":{"line":2,"column":0},"end":{"line":2,"column":null}},"2":{"start":{"line":10,"column":15},"end":{"line":10,"column":23}},"3":{"start":{"line":22,"column":0},"end":{"line":22,"column":33}},"4":{"start":{"line":31,"column":0},"end":{"line":31,"column":33}},"5":{"start":{"line":40,"column":0},"end":{"line":40,"column":36}},"6":{"start":{"line":49,"column":0},"end":{"line":49,"column":35}},"7":{"start":{"line":58,"column":0},"end":{"line":58,"column":38}},"8":{"start":{"line":60,"column":0},"end":{"line":60,"column":22}}},"fnMap":{},"branchMap":{},"s":{"0":3,"1":3,"2":3,"3":3,"4":3,"5":3,"6":3,"7":3,"8":3},"f":{},"b":{}}
,"C:\\Users\\amnin\\OneDrive\\Desktop\\another faltu\\-Employee-Directory-and-Branch-Management-API\\src\\api\\v1\\services\\branchService.ts": {"path":"C:\\Users\\amnin\\OneDrive\\Desktop\\another faltu\\-Employee-Directory-and-Branch-Management-API\\src\\api\\v1\\services\\branchService.ts","statementMap":{"0":{"start":{"line":3,"column":25},"end":{"line":3,"column":27}},"1":{"start":{"line":4,"column":22},"end":{"line":4,"column":23}},"2":{"start":{"line":6,"column":27},"end":{"line":6,"column":51}},"3":{"start":{"line":6,"column":43},"end":{"line":6,"column":51}},"4":{"start":{"line":6,"column":13},"end":{"line":6,"column":27}},"5":{"start":{"line":8,"column":29},"end":{"line":9,"column":45}},"6":{"start":{"line":9,"column":4},"end":{"line":9,"column":45}},"7":{"start":{"line":9,"column":28},"end":{"line":9,"column":44}},"8":{"start":{"line":8,"column":13},"end":{"line":8,"column":29}},"9":{"start":{"line":11,"column":28},"end":{"line":15,"column":1}},"10":{"start":{"line":12,"column":19},"end":{"line":12,"column":62}},"11":{"start":{"line":13,"column":4},"end":{"line":13,"column":29}},"12":{"start":{"line":14,"column":4},"end":{"line":14,"column":21}},"13":{"start":{"line":11,"column":13},"end":{"line":11,"column":28}},"14":{"start":{"line":17,"column":28},"end":{"line":23,"column":1}},"15":{"start":{"line":18,"column":18},"end":{"line":18,"column":64}},"16":{"start":{"line":18,"column":47},"end":{"line":18,"column":63}},"17":{"start":{"line":19,"column":4},"end":{"line":19,"column":34}},"18":{"start":{"line":19,"column":22},"end":{"line":19,"column":34}},"19":{"start":{"line":21,"column":4},"end":{"line":21,"column":57}},"20":{"start":{"line":22,"column":4},"end":{"line":22,"column":27}},"21":{"start":{"line":17,"column":13},"end":{"line":17,"column":28}},"22":{"start":{"line":25,"column":28},"end":{"line":31,"column":1}},"23":{"start":{"line":26,"column":18},"end":{"line":26,"column":64}},"24":{"start":{"line":26,"column":47},"end":{"line":26,"column":63}},"25":{"start":{"line":27,"column":4},"end":{"line":27,"column":35}},"26":{"start":{"line":27,"column":22},"end":{"line":27,"column":35}},"27":{"start":{"line":29,"column":4},"end":{"line":29,"column":30}},"28":{"start":{"line":30,"column":4},"end":{"line":30,"column":16}},"29":{"start":{"line":25,"column":13},"end":{"line":25,"column":28}}},"fnMap":{"0":{"name":"(anonymous_0)","decl":{"start":{"line":6,"column":27},"end":{"line":6,"column":40}},"loc":{"start":{"line":6,"column":43},"end":{"line":6,"column":51}}},"1":{"name":"(anonymous_1)","decl":{"start":{"line":8,"column":29},"end":{"line":8,"column":30}},"loc":{"start":{"line":9,"column":4},"end":{"line":9,"column":45}}},"2":{"name":"(anonymous_2)","decl":{"start":{"line":9,"column":18},"end":{"line":9,"column":24}},"loc":{"start":{"line":9,"column":28},"end":{"line":9,"column":44}}},"3":{"name":"(anonymous_3)","decl":{"start":{"line":11,"column":28},"end":{"line":11,"column":29}},"loc":{"start":{"line":11,"column":71},"end":{"line":15,"column":1}}},"4":{"name":"(anonymous_4)","decl":{"start":{"line":17,"column":28},"end":{"line":17,"column":29}},"loc":{"start":{"line":17,"column":84},"end":{"line":23,"column":1}}},"5":{"name":"(anonymous_5)","decl":{"start":{"line":18,"column":37},"end":{"line":18,"column":43}},"loc":{"start":{"line":18,"column":47},"end":{"line":18,"column":63}}},"6":{"name":"(anonymous_6)","decl":{"start":{"line":25,"column":28},"end":{"line":25,"column":29}},"loc":{"start":{"line":25,"column":52},"end":{"line":31,"column":1}}},"7":{"name":"(anonymous_7)","decl":{"start":{"line":26,"column":37},"end":{"line":26,"column":43}},"loc":{"start":{"line":26,"column":47},"end":{"line":26,"column":63}}}},"branchMap":{"0":{"loc":{"start":{"line":19,"column":4},"end":{"line":19,"column":34}},"type":"if","locations":[{"start":{"line":19,"column":4},"end":{"line":19,"column":34}}]},"1":{"loc":{"start":{"line":27,"column":4},"end":{"line":27,"column":35}},"type":"if","locations":[{"start":{"line":27,"column":4},"end":{"line":27,"column":35}}]}},"s":{"0":3,"1":3,"2":3,"3":1,"4":3,"5":3,"6":2,"7":1,"8":3,"9":3,"10":1,"11":1,"12":1,"13":3,"14":3,"15":1,"16":1,"17":1,"18":0,"19":1,"20":1,"21":3,"22":3,"23":1,"24":1,"25":1,"26":0,"27":1,"28":1,"29":3},"f":{"0":1,"1":2,"2":1,"3":1,"4":1,"5":1,"6":1,"7":1},"b":{"0":[0],"1":[0]}}
,"C:\\Users\\amnin\\OneDrive\\Desktop\\another faltu\\-Employee-Directory-and-Branch-Management-API\\src\\api\\v1\\services\\employeeService.ts": {"path":"C:\\Users\\amnin\\OneDrive\\Desktop\\another faltu\\-Employee-Directory-and-Branch-Management-API\\src\\api\\v1\\services\\employeeService.ts","statementMap":{"0":{"start":{"line":3,"column":28},"end":{"line":14,"column":2}},"1":{"start":{"line":16,"column":31},"end":{"line":18,"column":1}},"2":{"start":{"line":17,"column":4},"end":{"line":17,"column":21}},"3":{"start":{"line":16,"column":13},"end":{"line":16,"column":31}},"4":{"start":{"line":20,"column":31},"end":{"line":22,"column":1}},"5":{"start":{"line":21,"column":4},"end":{"line":21,"column":60}},"6":{"start":{"line":21,"column":40},"end":{"line":21,"column":58}},"7":{"start":{"line":20,"column":13},"end":{"line":20,"column":31}},"8":{"start":{"line":24,"column":27},"end":{"line":39,"column":1}},"9":{"start":{"line":25,"column":22},"end":{"line":26,"column":null}},"10":{"start":{"line":26,"column":15},"end":{"line":26,"column":79}},"11":{"start":{"line":28,"column":4},"end":{"line":30,"column":5}},"12":{"start":{"line":29,"column":8},"end":{"line":29,"column":71}},"13":{"start":{"line":32,"column":21},"end":{"line":34,"column":null}},"14":{"start":{"line":37,"column":4},"end":{"line":37,"column":32}},"15":{"start":{"line":38,"column":4},"end":{"line":38,"column":23}},"16":{"start":{"line":24,"column":13},"end":{"line":24,"column":27}},"17":{"start":{"line":41,"column":30},"end":{"line":51,"column":1}},"18":{"start":{"line":42,"column":21},"end":{"line":42,"column":40}},"19":{"start":{"line":43,"column":4},"end":{"line":43,"column":48}},"20":{"start":{"line":43,"column":19},"end":{"line":43,"column":48}},"21":{"start":{"line":45,"column":4},"end":{"line":47,"column":5}},"22":{"start":{"line":46,"column":8},"end":{"line":46,"column":52}},"23":{"start":{"line":49,"column":4},"end":{"line":49,"column":42}},"24":{"start":{"line":50,"column":4},"end":{"line":50,"column":20}},"25":{"start":{"line":41,"column":13},"end":{"line":41,"column":30}},"26":{"start":{"line":53,"column":30},"end":{"line":60,"column":1}},"27":{"start":{"line":54,"column":18},"end":{"line":54,"column":71}},"28":{"start":{"line":54,"column":52},"end":{"line":54,"column":70}},"29":{"start":{"line":55,"column":4},"end":{"line":57,"column":5}},"30":{"start":{"line":56,"column":8},"end":{"line":56,"column":37}},"31":{"start":{"line":58,"column":4},"end":{"line":58,"column":31}},"32":{"start":{"line":59,"column":4},"end":{"line":59,"column":16}},"33":{"start":{"line":53,"column":13},"end":{"line":53,"column":30}},"34":{"start":{"line":62,"column":30},"end":{"line":65,"column":1}},"35":{"start":{"line":63,"column":4},"end":{"line":63,"column":29}},"36":{"start":{"line":64,"column":4},"end":{"line":64,"column":20}},"37":{"start":{"line":62,"column":13},"end":{"line":62,"column":30}},"38":{"start":{"line":67,"column":37},"end":{"line":69,"column":1}},"39":{"start":{"line":68,"column":4},"end":{"line":68,"column":72}},"40":{"start":{"line":68,"column":40},"end":{"line":68,"column":70}},"41":{"start":{"line":67,"column":13},"end":{"line":67,"column":37}},"42":{"start":{"line":71,"column":40},"end":{"line":73,"column":1}},"43":{"start":{"line":72,"column":4},"end":{"line":72,"column":76}},"44":{"start":{"line":72,"column":40},"end":{"line":72,"column":74}},"45":{"start":{"line":71,"column":13},"end":{"line":71,"column":40}}},"fnMap":{"0":{"name":"(anonymous_0)","decl":{"start":{"line":16,"column":31},"end":{"line":16,"column":46}},"loc":{"start":{"line":16,"column":48},"end":{"line":18,"column":1}}},"1":{"name":"(anonymous_1)","decl":{"start":{"line":20,"column":31},"end":{"line":20,"column":32}},"loc":{"start":{"line":20,"column":68},"end":{"line":22,"column":1}}},"2":{"name":"(anonymous_2)","decl":{"start":{"line":21,"column":26},"end":{"line":21,"column":27}},"loc":{"start":{"line":21,"column":40},"end":{"line":21,"column":58}}},"3":{"name":"(anonymous_3)","decl":{"start":{"line":24,"column":27},"end":{"line":24,"column":28}},"loc":{"start":{"line":24,"column":85},"end":{"line":39,"column":1}}},"4":{"name":"(anonymous_4)","decl":{"start":{"line":26,"column":8},"end":{"line":26,"column":9}},"loc":{"start":{"line":26,"column":15},"end":{"line":26,"column":79}}},"5":{"name":"(anonymous_5)","decl":{"start":{"line":41,"column":30},"end":{"line":41,"column":31}},"loc":{"start":{"line":41,"column":97},"end":{"line":51,"column":1}}},"6":{"name":"(anonymous_6)","decl":{"start":{"line":53,"column":30},"end":{"line":53,"column":31}},"loc":{"start":{"line":53,"column":63},"end":{"line":60,"column":1}}},"7":{"name":"(anonymous_7)","decl":{"start":{"line":54,"column":38},"end":{"line":54,"column":39}},"loc":{"start":{"line":54,"column":52},"end":{"line":54,"column":70}}},"8":{"name":"(anonymous_8)","decl":{"start":{"line":62,"column":30},"end":{"line":62,"column":31}},"loc":{"start":{"line":62,"column":53},"end":{"line":65,"column":1}}},"9":{"name":"(anonymous_9)","decl":{"start":{"line":67,"column":37},"end":{"line":67,"column":38}},"loc":{"start":{"line":67,"column":70},"end":{"line":69,"column":1}}},"10":{"name":"(anonymous_10)","decl":{"start":{"line":68,"column":28},"end":{"line":68,"column":36}},"loc":{"start":{"line":68,"column":40},"end":{"line":68,"column":70}}},"11":{"name":"(anonymous_11)","decl":{"start":{"line":71,"column":40},"end":{"line":71,"column":41}},"loc":{"start":{"line":71,"column":63},"end":{"line":73,"column":1}}},"12":{"name":"(anonymous_12)","decl":{"start":{"line":72,"column":28},"end":{"line":72,"column":36}},"loc":{"start":{"line":72,"column":40},"end":{"line":72,"column":74}}}},"branchMap":{"0":{"loc":{"start":{"line":26,"column":15},"end":{"line":26,"column":79}},"type":"binary-expr","locations":[{"start":{"line":26,"column":15},"end":{"line":26,"column":45}},{"start":{"line":26,"column":49},"end":{"line":26,"column":79}}]},"1":{"loc":{"start":{"line":28,"column":4},"end":{"line":30,"column":5}},"type":"if","locations":[{"start":{"line":28,"column":4},"end":{"line":30,"column":5}}]},"2":{"loc":{"start":{"line":43,"column":4},"end":{"line":43,"column":48}},"type":"if","locations":[{"start":{"line":43,"column":4},"end":{"line":43,"column":48}}]},"3":{"loc":{"start":{"line":45,"column":4},"end":{"line":47,"column":5}},"type":"if","locations":[{"start":{"line":45,"column":4},"end":{"line":47,"column":5}}]},"4":{"loc":{"start":{"line":55,"column":4},"end":{"line":57,"column":5}},"type":"if","locations":[{"start":{"line":55,"column":4},"end":{"line":57,"column":5}}]}},"s":{"0":3,"1":3,"2":1,"3":3,"4":3,"5":0,"6":0,"7":3,"8":3,"9":0,"10":0,"11":0,"12":0,"13":0,"14":0,"15":0,"16":3,"17":3,"18":0,"19":0,"20":0,"21":0,"22":0,"23":0,"24":0,"25":3,"26":3,"27":0,"28":0,"29":0,"30":0,"31":0,"32":0,"33":3,"34":3,"35":1,"36":1,"37":3,"38":3,"39":0,"40":0,"41":3,"42":3,"43":0,"44":0,"45":3},"f":{"0":1,"1":0,"2":0,"3":0,"4":0,"5":0,"6":0,"7":0,"8":1,"9":0,"10":0,"11":0,"12":0},"b":{"0":[0,0],"1":[0],"2":[0],"3":[0],"4":[0]}}
,"C:\\Users\\amnin\\OneDrive\\Desktop\\another faltu\\-Employee-Directory-and-Branch-Management-API\\src\\config\\swagger.ts": {"path":"C:\\Users\\amnin\\OneDrive\\Desktop\\another faltu\\-Employee-Directory-and-Branch-Management-API\\src\\config\\swagger.ts","statementMap":{"0":{"start":{"line":1,"column":0},"end":{"line":1,"column":41}},"1":{"start":{"line":2,"column":0},"end":{"line":2,"column":43}},"2":{"start":{"line":5,"column":38},"end":{"line":16,"column":2}},"3":{"start":{"line":18,"column":20},"end":{"line":18,"column":41}},"4":{"start":{"line":20,"column":21},"end":{"line":23,"column":1}},"5":{"start":{"line":21,"column":4},"end":{"line":21,"column":72}},"6":{"start":{"line":22,"column":4},"end":{"line":22,"column":76}},"7":{"start":{"line":25,"column":0},"end":{"line":25,"column":28}}},"fnMap":{"0":{"name":"(anonymous_1)","decl":{"start":{"line":20,"column":21},"end":{"line":20,"column":22}},"loc":{"start":{"line":20,"column":38},"end":{"line":23,"column":1}}}},"branchMap":{},"s":{"0":3,"1":3,"2":3,"3":3,"4":3,"5":3,"6":3,"7":3},"f":{"0":3},"b":{}}
}
