TN:
SF:src\app.ts
FNF:0
FNH:0
DA:1,4
DA:2,4
DA:3,4
DA:4,4
DA:5,4
DA:6,4
DA:8,4
DA:10,4
DA:11,4
DA:12,4
DA:14,4
DA:16,4
DA:17,4
DA:19,4
LF:14
LH:14
BRF:0
BRH:0
end_of_record
TN:
SF:src\api\v1\controllers\branchController.ts
FN:4,createBranch
FN:13,getBranchById
FN:22,updateBranch
FN:31,deleteBranch
FNF:4
FNH:4
FNDA:2,createBranch
FNDA:1,getBranchById
FNDA:1,updateBranch
FNDA:1,deleteBranch
DA:2,4
DA:4,4
DA:5,2
DA:6,2
DA:7,0
DA:9,2
DA:13,4
DA:14,1
DA:15,1
DA:16,0
DA:18,1
DA:22,4
DA:23,1
DA:24,1
DA:25,0
DA:27,1
DA:31,4
DA:32,1
DA:33,1
DA:34,0
DA:36,1
LF:21
LH:17
BRF:0
BRH:0
end_of_record
TN:
SF:src\api\v1\controllers\employeeController.ts
FN:5,(anonymous_16)
FN:19,(anonymous_17)
FN:34,(anonymous_18)
FN:42,(anonymous_20)
FN:50,(anonymous_22)
FN:58,(anonymous_24)
FNF:6
FNH:0
FNDA:0,(anonymous_16)
FNDA:0,(anonymous_17)
FNDA:0,(anonymous_18)
FNDA:0,(anonymous_20)
FNDA:0,(anonymous_22)
FNDA:0,(anonymous_24)
DA:2,4
DA:3,4
DA:5,4
DA:6,0
DA:7,0
DA:9,0
DA:11,0
DA:14,0
DA:19,4
DA:20,0
DA:21,0
DA:23,0
DA:25,0
DA:28,0
DA:33,4
DA:35,0
DA:36,0
DA:37,0
DA:39,0
DA:43,0
DA:44,0
DA:45,0
DA:47,0
DA:51,0
DA:52,0
DA:53,0
DA:55,0
DA:59,0
DA:60,0
DA:61,0
DA:63,0
LF:31
LH:5
BRDA:9,0,0,0
BRDA:9,0,1,0
BRDA:23,1,0,0
BRDA:23,1,1,0
BRF:4
BRH:0
end_of_record
TN:
SF:src\api\v1\models\branchModel.ts
FN:7,(anonymous_7)
FN:20,(anonymous_9)
FN:32,(anonymous_11)
FN:43,(anonymous_13)
FNF:4
FNH:4
FNDA:2,(anonymous_7)
FNDA:1,(anonymous_9)
FNDA:1,(anonymous_11)
FNDA:1,(anonymous_13)
DA:1,4
DA:3,4
DA:4,4
DA:6,4
DA:8,2
DA:9,1
DA:11,1
DA:12,1
DA:13,0
DA:15,1
DA:16,1
DA:21,1
DA:22,1
DA:23,1
DA:24,0
DA:25,0
DA:27,1
DA:28,1
DA:33,1
DA:34,1
DA:35,1
DA:36,0
DA:38,1
DA:39,1
DA:44,1
DA:45,1
DA:46,1
DA:47,0
DA:49,1
DA:50,1
LF:30
LH:25
BRDA:8,0,0,1
BRDA:8,1,0,2
BRDA:8,1,1,1
BRDA:8,1,2,1
BRDA:21,2,0,0
BRDA:24,3,0,0
BRDA:33,4,0,0
BRDA:44,5,0,0
BRF:8
BRH:4
end_of_record
TN:
SF:src\api\v1\models\employeeModel.ts
FN:7,(anonymous_7)
FN:11,(anonymous_9)
FN:16,(anonymous_11)
FN:20,(anonymous_13)
FNF:4
FNH:0
FNDA:0,(anonymous_7)
FNDA:0,(anonymous_9)
FNDA:0,(anonymous_11)
FNDA:0,(anonymous_13)
DA:1,4
DA:3,4
DA:4,4
DA:6,4
DA:8,0
DA:9,0
DA:12,0
DA:13,0
DA:14,0
DA:17,0
DA:18,0
DA:21,0
DA:22,0
LF:13
LH:4
BRDA:13,0,0,0
BRF:1
BRH:0
end_of_record
TN:
SF:src\api\v1\routes\branchRoutes.ts
FNF:0
FNH:0
DA:1,4
DA:2,4
DA:4,4
DA:36,4
DA:56,4
DA:80,4
DA:98,4
DA:100,4
LF:8
LH:8
BRF:0
BRH:0
end_of_record
TN:
SF:src\api\v1\routes\employeeRoutes.ts
FNF:0
FNH:0
DA:1,4
DA:2,4
DA:4,4
DA:29,4
DA:54,4
DA:55,4
LF:6
LH:6
BRF:0
BRH:0
end_of_record
TN:
SF:src\api\v1\routes\healthRoutes.ts
FN:5,(anonymous_0)
FNF:1
FNH:1
FNDA:1,(anonymous_0)
DA:1,4
DA:3,4
DA:5,4
DA:6,1
DA:9,4
LF:5
LH:5
BRF:0
BRH:0
end_of_record
TN:
SF:src\api\v1\services\employeeService.ts
FN:16,(anonymous_0)
FN:22,(anonymous_1)
FN:24,(anonymous_2)
FN:25,(anonymous_3)
FN:28,(anonymous_4)
FN:29,(anonymous_5)
FN:32,(anonymous_6)
FN:33,(anonymous_7)
FN:36,(anonymous_8)
FN:37,(anonymous_9)
FN:44,(anonymous_10)
FN:46,(anonymous_11)
FNF:12
FNH:0
FNDA:0,(anonymous_0)
FNDA:0,(anonymous_1)
FNDA:0,(anonymous_2)
FNDA:0,(anonymous_3)
FNDA:0,(anonymous_4)
FNDA:0,(anonymous_5)
FNDA:0,(anonymous_6)
FNDA:0,(anonymous_7)
FNDA:0,(anonymous_8)
FNDA:0,(anonymous_9)
FNDA:0,(anonymous_10)
FNDA:0,(anonymous_11)
DA:3,4
DA:16,4
DA:17,0
DA:18,0
DA:19,0
DA:22,4
DA:24,4
DA:25,0
DA:28,4
DA:29,0
DA:32,4
DA:33,0
DA:36,4
DA:37,0
DA:38,0
DA:40,0
DA:41,0
DA:44,4
DA:45,0
DA:46,0
DA:47,0
LF:21
LH:8
BRDA:38,0,0,0
BRF:1
BRH:0
end_of_record
TN:
SF:src\config\swagger.ts
FN:20,(anonymous_1)
FNF:1
FNH:1
FNDA:4,(anonymous_1)
DA:1,4
DA:2,4
DA:5,4
DA:18,4
DA:20,4
DA:21,4
DA:22,4
DA:25,4
LF:8
LH:8
BRF:0
BRH:0
end_of_record
