TN:
SF:src\app.ts
FNF:0
FNH:0
DA:1,4
DA:2,4
DA:3,4
DA:4,4
DA:5,4
DA:7,4
DA:9,4
DA:10,4
DA:12,4
DA:14,4
DA:15,4
DA:17,4
LF:12
LH:12
BRF:0
BRH:0
end_of_record
TN:
SF:src\api\v1\controllers\branchController.ts
FN:5,(anonymous_16)
FN:13,(anonymous_17)
FN:13,(anonymous_18)
FN:24,(anonymous_19)
FN:24,(anonymous_20)
FN:34,(anonymous_21)
FN:34,(anonymous_22)
FN:49,(anonymous_23)
FN:49,(anonymous_24)
FN:65,(anonymous_25)
FNF:10
FNH:9
FNDA:0,(anonymous_16)
FNDA:1,(anonymous_17)
FNDA:1,(anonymous_18)
FNDA:1,(anonymous_19)
FNDA:1,(anonymous_20)
FNDA:2,(anonymous_21)
FNDA:2,(anonymous_22)
FNDA:1,(anonymous_23)
FNDA:1,(anonymous_24)
FNDA:1,(anonymous_25)
DA:2,4
DA:5,4
DA:6,0
DA:7,0
DA:9,0
DA:13,4
DA:14,1
DA:15,1
DA:16,1
DA:17,1
DA:19,0
DA:20,0
DA:24,4
DA:25,1
DA:26,1
DA:27,1
DA:29,0
DA:30,0
DA:34,4
DA:35,2
DA:36,2
DA:37,2
DA:38,2
DA:39,1
DA:41,1
DA:44,0
DA:45,0
DA:49,4
DA:50,1
DA:51,1
DA:52,1
DA:53,1
DA:54,1
DA:55,1
DA:57,0
DA:60,0
DA:61,0
DA:65,4
DA:66,1
DA:67,1
DA:69,1
DA:70,0
DA:73,1
LF:43
LH:30
BRDA:6,0,0,0
BRDA:6,0,1,0
BRDA:38,1,0,1
BRDA:38,1,1,1
BRDA:54,2,0,1
BRDA:54,2,1,0
BRDA:69,3,0,0
BRDA:69,3,1,1
BRF:8
BRH:4
end_of_record
TN:
SF:src\api\v1\controllers\employeeController.ts
FN:4,(anonymous_9)
FN:18,(anonymous_10)
FNF:2
FNH:0
FNDA:0,(anonymous_9)
FNDA:0,(anonymous_10)
DA:2,4
DA:4,4
DA:5,0
DA:6,0
DA:8,0
DA:10,0
DA:13,0
DA:18,4
DA:19,0
DA:20,0
DA:22,0
DA:24,0
DA:27,0
LF:13
LH:3
BRDA:8,0,0,0
BRDA:8,0,1,0
BRDA:22,1,0,0
BRDA:22,1,1,0
BRF:4
BRH:0
end_of_record
TN:
SF:src\api\v1\routes\branchRoutes.ts
FNF:0
FNH:0
DA:1,4
DA:2,4
DA:4,4
DA:36,4
DA:48,4
DA:68,4
DA:92,4
DA:110,4
DA:112,4
LF:9
LH:9
BRF:0
BRH:0
end_of_record
TN:
SF:src\api\v1\routes\employeeRoutes.ts
FNF:0
FNH:0
DA:1,4
DA:2,4
DA:4,4
DA:29,4
DA:54,4
DA:55,4
LF:6
LH:6
BRF:0
BRH:0
end_of_record
TN:
SF:src\api\v1\services\branchService.ts
FN:6,(anonymous_0)
FN:8,(anonymous_1)
FN:9,(anonymous_2)
FN:11,(anonymous_3)
FN:17,(anonymous_4)
FN:18,(anonymous_5)
FN:25,(anonymous_6)
FN:26,(anonymous_7)
FNF:8
FNH:8
FNDA:1,(anonymous_0)
FNDA:2,(anonymous_1)
FNDA:1,(anonymous_2)
FNDA:1,(anonymous_3)
FNDA:1,(anonymous_4)
FNDA:1,(anonymous_5)
FNDA:1,(anonymous_6)
FNDA:1,(anonymous_7)
DA:3,4
DA:4,4
DA:6,4
DA:8,4
DA:9,2
DA:11,4
DA:12,1
DA:13,1
DA:14,1
DA:17,4
DA:18,1
DA:19,1
DA:21,1
DA:22,1
DA:25,4
DA:26,1
DA:27,1
DA:29,1
DA:30,1
LF:19
LH:19
BRDA:19,0,0,0
BRDA:27,1,0,0
BRF:2
BRH:0
end_of_record
TN:
SF:src\api\v1\services\employeeService.ts
FN:16,(anonymous_0)
FN:22,(anonymous_1)
FN:24,(anonymous_2)
FN:25,(anonymous_3)
FN:28,(anonymous_4)
FN:29,(anonymous_5)
FN:32,(anonymous_6)
FN:33,(anonymous_7)
FN:36,(anonymous_8)
FN:37,(anonymous_9)
FN:44,(anonymous_10)
FN:46,(anonymous_11)
FNF:12
FNH:0
FNDA:0,(anonymous_0)
FNDA:0,(anonymous_1)
FNDA:0,(anonymous_2)
FNDA:0,(anonymous_3)
FNDA:0,(anonymous_4)
FNDA:0,(anonymous_5)
FNDA:0,(anonymous_6)
FNDA:0,(anonymous_7)
FNDA:0,(anonymous_8)
FNDA:0,(anonymous_9)
FNDA:0,(anonymous_10)
FNDA:0,(anonymous_11)
DA:3,4
DA:16,4
DA:17,0
DA:18,0
DA:19,0
DA:22,4
DA:24,4
DA:25,0
DA:28,4
DA:29,0
DA:32,4
DA:33,0
DA:36,4
DA:37,0
DA:38,0
DA:40,0
DA:41,0
DA:44,4
DA:45,0
DA:46,0
DA:47,0
LF:21
LH:8
BRDA:38,0,0,0
BRF:1
BRH:0
end_of_record
TN:
SF:src\config\swagger.ts
FN:20,(anonymous_1)
FNF:1
FNH:1
FNDA:4,(anonymous_1)
DA:1,4
DA:2,4
DA:5,4
DA:18,4
DA:20,4
DA:21,4
DA:22,4
DA:25,4
LF:8
LH:8
BRF:0
BRH:0
end_of_record
